Build started 11/11/2015 1:10:30 PM.
     1>Project "E:\Users\Rene\Documents\Programming\C++\Projects\PDSM\PDSM\PDSM.vcxproj" on node 2 (Build target(s)).
     1>ClCompile:
         C:\Program Files (x86)\Microsoft Visual Studio 14.0\VC\bin\CL.exe /c /ZI /nologo /W3 /WX- /sdl /Od /Oy- /D WIN32 /D _DEBUG /D _CONSOLE /D _UNICODE /D UNICODE /Gm /EHsc /RTC1 /MDd /GS /fp:precise /Zc:wchar_t /Zc:forScope /Zc:inline /Yu"stdafx.h" /Fp"Debug\PDSM.pch" /Fo"Debug\\" /Fd"Debug\vc140.pdb" /Gd /TP /analyze- /errorReport:prompt main.cpp maps.cpp
         main.cpp
     1>e:\users\rene\documents\programming\c++\projects\pdsm\pdsm\constants.h(10): warning C4309: 'initializing': truncation of constant value
         Generating Code...
     1>e:\users\rene\documents\programming\c++\projects\pdsm\pdsm\main.cpp(81): warning C4715: 'validateCoord': not all control paths return a value
         Skipping... (no relevant changes detected)
         maps.cpp
       Link:
         C:\Program Files (x86)\Microsoft Visual Studio 14.0\VC\bin\link.exe /ERRORREPORT:PROMPT /OUT:"E:\Users\Rene\Documents\Programming\C++\Projects\PDSM\Debug\PDSM.exe" /INCREMENTAL /NOLOGO kernel32.lib user32.lib gdi32.lib winspool.lib comdlg32.lib advapi32.lib shell32.lib ole32.lib oleaut32.lib uuid.lib odbc32.lib odbccp32.lib /MANIFEST /MANIFESTUAC:"level='asInvoker' uiAccess='false'" /manifest:embed /Debug /PDB:"E:\Users\Rene\Documents\Programming\C++\Projects\PDSM\Debug\PDSM.pdb" /SUBSYSTEM:CONSOLE /TLBID:1 /DYNAMICBASE /NXCOMPAT /IMPLIB:"E:\Users\Rene\Documents\Programming\C++\Projects\PDSM\Debug\PDSM.lib" /MACHINE:X86 Debug\captains.obj
         Debug\main.obj
         Debug\maps.obj
         Debug\menus.obj
         Debug\ships.obj
         Debug\stdafx.obj
         PDSM.vcxproj -> E:\Users\Rene\Documents\Programming\C++\Projects\PDSM\Debug\PDSM.exe
     1>Done Building Project "E:\Users\Rene\Documents\Programming\C++\Projects\PDSM\PDSM\PDSM.vcxproj" (Build target(s)).

Build succeeded.

Time Elapsed 00:00:01.28
